#
# There is insufficient memory for the Java Runtime Environment to continue.
# Native memory allocation (malloc) failed to allocate 174064 bytes for Chunk::new
# Possible reasons:
#   The system is out of physical RAM or swap space
#   The process is running with CompressedOops enabled, and the Java Heap may be blocking the growth of the native heap
# Possible solutions:
#   Reduce memory load on the system
#   Increase physical memory or swap space
#   Check if swap backing store is full
#   Decrease Java heap size (-Xmx/-Xms)
#   Decrease number of Java threads
#   Decrease Java thread stack sizes (-Xss)
#   Set larger code cache with -XX:ReservedCodeCacheSize=
#   JVM is running with Unscaled Compressed Oops mode in which the Java heap is
#     placed in the first 4GB address space. The Java Heap base address is the
#     maximum limit for the native heap growth. Please use -XX:HeapBaseMinAddress
#     to set the Java Heap base and to place the Java Heap above 4GB virtual address.
# This output file may be truncated or incomplete.
#
#  Out of Memory Error (allocation.cpp:389), pid=1984, tid=0x000000000000227c
#
# JRE version: OpenJDK Runtime Environment (8.0_302-b08) (build 1.8.0_302-b08)
# Java VM: OpenJDK 64-Bit Server VM (25.302-b08 mixed mode windows-amd64 compressed oops)
# Failed to write core dump. Minidumps are not enabled by default on client versions of Windows
#

---------------  T H R E A D  ---------------

Current thread (0x000002552dcaa800):  JavaThread "C2 CompilerThread0" daemon [_thread_in_native, id=8828, stack(0x000000d9e4e00000,0x000000d9e4f00000)]

Stack: [0x000000d9e4e00000,0x000000d9e4f00000]
[error occurred during error reporting (printing stack bounds), id 0xc0000005]

Native frames: (J=compiled Java code, j=interpreted, Vv=VM code, C=native code)


Current CompileTask:
C2:  23819 1421       4       org.jetbrains.kotlin.cli.common.arguments.ParseCommandLineArgumentsKt::parsePreprocessedCommandLineArguments$matches (320 bytes)


---------------  P R O C E S S  ---------------

Java Threads: ( => current thread )
  0x000002552dd02000 JavaThread "Service Thread" daemon [_thread_blocked, id=8804, stack(0x000000d9e5000000,0x000000d9e5100000)]
  0x000002552dcad000 JavaThread "C1 CompilerThread1" daemon [_thread_blocked, id=6092, stack(0x000000d9e4f00000,0x000000d9e5000000)]
=>0x000002552dcaa800 JavaThread "C2 CompilerThread0" daemon [_thread_in_native, id=8828, stack(0x000000d9e4e00000,0x000000d9e4f00000)]
  0x000002552dca1000 JavaThread "Attach Listener" daemon [_thread_blocked, id=6636, stack(0x000000d9e4d00000,0x000000d9e4e00000)]
  0x000002552dca9800 JavaThread "Signal Dispatcher" daemon [_thread_blocked, id=5508, stack(0x000000d9e4c00000,0x000000d9e4d00000)]
  0x000002552d7b3000 JavaThread "Finalizer" daemon [_thread_blocked, id=6844, stack(0x000000d9e4b00000,0x000000d9e4c00000)]
  0x000002552dc84000 JavaThread "Reference Handler" daemon [_thread_blocked, id=6184, stack(0x000000d9e4a00000,0x000000d9e4b00000)]
  0x000002551ade7800 JavaThread "main" [_thread_in_native, id=6788, stack(0x000000d9e4600000,0x000000d9e4700000)]

Other Threads:
  0x000002552dc61800 VMThread [stack: 0x000000d9e4900000,0x000000d9e4a00000] [id=8596]
  0x000002552dd06000 WatcherThread [stack: 0x000000d9e5100000,0x000000d9e5200000] [id=4176]

VM state:not at safepoint (normal execution)

VM Mutex/Monitor currently owned by a thread: None

heap address: 0x00000000e0000000, size: 512 MB, Compressed Oops mode: 32-bit
Narrow klass base: 0x0000000000000000, Narrow klass shift: 3
Compressed class space size: 1073741824 Address: 0x0000000100000000

Heap:
 PSYoungGen      total 9728K, used 5627K [0x00000000f5580000, 0x00000000f6000000, 0x0000000100000000)
  eden space 8704K, 55% used [0x00000000f5580000,0x00000000f5a3eef8,0x00000000f5e00000)
  from space 1024K, 75% used [0x00000000f5e00000,0x00000000f5ec0000,0x00000000f5f00000)
  to   space 1024K, 0% used [0x00000000f5f00000,0x00000000f5f00000,0x00000000f6000000)
 ParOldGen       total 22016K, used 10907K [0x00000000e0000000, 0x00000000e1580000, 0x00000000f5580000)
  object space 22016K, 49% used [0x00000000e0000000,0x00000000e0aa6d58,0x00000000e1580000)
 Metaspace       used 12355K, capacity 12540K, committed 12800K, reserved 1060864K
  class space    used 1345K, capacity 1418K, committed 1536K, reserved 1048576K

Card table byte_map: [0x000002552bc00000,0x000002552bd10000] byte_map_base: 0x000002552b500000

Marking Bits: (ParMarkBitMap*) 0x000000005582c820
 Begin Bits: [0x000002552bdc0000, 0x000002552c5c0000)
 End Bits:   [0x000002552c5c0000, 0x000002552cdc0000)

Polling page: 0x000002551afe0000

CodeCache: size=245760Kb used=5113Kb max_used=5120Kb free=240646Kb
 bounds [0x000002551c840000, 0x000002551cd50000, 0x000002552b840000]
 total_blobs=1783 nmethods=1423 adapters=273
 compilation: enabled

Compilation events (10 events):
Event: 23.214 Thread 0x000002552dcad000 nmethod 1416 0x000002551cd3afd0 code [0x000002551cd3b140, 0x000002551cd3b480]
Event: 23.468 Thread 0x000002552dcaa800 1417       4       kotlin.jvm.internal.Intrinsics::areEqual (22 bytes)
Event: 23.469 Thread 0x000002552dcaa800 nmethod 1417 0x000002551cd3aad0 code [0x000002551cd3ac00, 0x000002551cd3ac78]
Event: 23.469 Thread 0x000002552dcaa800 1418       4       sun.reflect.annotation.AnnotationInvocationHandler::invoke (277 bytes)
Event: 23.510 Thread 0x000002552dcaa800 nmethod 1418 0x000002551cd3d110 code [0x000002551cd3d2e0, 0x000002551cd3de08]
Event: 23.510 Thread 0x000002552dcaa800 1419       4       kotlin.text.StringsKt__StringsJVMKt::startsWith (37 bytes)
Event: 23.515 Thread 0x000002552dcaa800 nmethod 1419 0x000002551cd3ea90 code [0x000002551cd3ebe0, 0x000002551cd3ed98]
Event: 23.515 Thread 0x000002552dcaa800 1420       4       org.jetbrains.kotlin.cli.common.arguments.ParseCommandLineArgumentsKt::isAdvanced (46 bytes)
Event: 23.523 Thread 0x000002552dcaa800 nmethod 1420 0x000002551cd3a210 code [0x000002551cd3a3a0, 0x000002551cd3a658]
Event: 23.523 Thread 0x000002552dcaa800 1421       4       org.jetbrains.kotlin.cli.common.arguments.ParseCommandLineArgumentsKt::parsePreprocessedCommandLineArguments$matches (320 bytes)

GC Heap History (10 events):
Event: 18.114 GC heap before
{Heap before GC invocations=3 (full 0):
 PSYoungGen      total 9728K, used 9712K [0x00000000f5580000, 0x00000000f6000000, 0x0000000100000000)
  eden space 8704K, 100% used [0x00000000f5580000,0x00000000f5e00000,0x00000000f5e00000)
  from space 1024K, 98% used [0x00000000f5f00000,0x00000000f5ffc328,0x00000000f6000000)
  to   space 1024K, 0% used [0x00000000f5e00000,0x00000000f5e00000,0x00000000f5f00000)
 ParOldGen       total 22016K, used 2599K [0x00000000e0000000, 0x00000000e1580000, 0x00000000f5580000)
  object space 22016K, 11% used [0x00000000e0000000,0x00000000e0289f00,0x00000000e1580000)
 Metaspace       used 8395K, capacity 9172K, committed 9472K, reserved 1058816K
  class space    used 883K, capacity 912K, committed 1024K, reserved 1048576K
Event: 18.204 GC heap after
Heap after GC invocations=3 (full 0):
 PSYoungGen      total 9728K, used 1024K [0x00000000f5580000, 0x00000000f6000000, 0x0000000100000000)
  eden space 8704K, 0% used [0x00000000f5580000,0x00000000f5580000,0x00000000f5e00000)
  from space 1024K, 100% used [0x00000000f5e00000,0x00000000f5f00000,0x00000000f5f00000)
  to   space 1024K, 0% used [0x00000000f5f00000,0x00000000f5f00000,0x00000000f6000000)
 ParOldGen       total 22016K, used 4686K [0x00000000e0000000, 0x00000000e1580000, 0x00000000f5580000)
  object space 22016K, 21% used [0x00000000e0000000,0x00000000e0493a88,0x00000000e1580000)
 Metaspace       used 8395K, capacity 9172K, committed 9472K, reserved 1058816K
  class space    used 883K, capacity 912K, committed 1024K, reserved 1048576K
}
Event: 19.562 GC heap before
{Heap before GC invocations=4 (full 0):
 PSYoungGen      total 9728K, used 9728K [0x00000000f5580000, 0x00000000f6000000, 0x0000000100000000)
  eden space 8704K, 100% used [0x00000000f5580000,0x00000000f5e00000,0x00000000f5e00000)
  from space 1024K, 100% used [0x00000000f5e00000,0x00000000f5f00000,0x00000000f5f00000)
  to   space 1024K, 0% used [0x00000000f5f00000,0x00000000f5f00000,0x00000000f6000000)
 ParOldGen       total 22016K, used 4686K [0x00000000e0000000, 0x00000000e1580000, 0x00000000f5580000)
  object space 22016K, 21% used [0x00000000e0000000,0x00000000e0493a88,0x00000000e1580000)
 Metaspace       used 9755K, capacity 10420K, committed 10624K, reserved 1058816K
  class space    used 1063K, capacity 1072K, committed 1152K, reserved 1048576K
Event: 19.576 GC heap after
Heap after GC invocations=4 (full 0):
 PSYoungGen      total 9728K, used 1024K [0x00000000f5580000, 0x00000000f6000000, 0x0000000100000000)
  eden space 8704K, 0% used [0x00000000f5580000,0x00000000f5580000,0x00000000f5e00000)
  from space 1024K, 100% used [0x00000000f5f00000,0x00000000f6000000,0x00000000f6000000)
  to   space 1024K, 0% used [0x00000000f5e00000,0x00000000f5e00000,0x00000000f5f00000)
 ParOldGen       total 22016K, used 6790K [0x00000000e0000000, 0x00000000e1580000, 0x00000000f5580000)
  object space 22016K, 30% used [0x00000000e0000000,0x00000000e06a1bf0,0x00000000e1580000)
 Metaspace       used 9755K, capacity 10420K, committed 10624K, reserved 1058816K
  class space    used 1063K, capacity 1072K, committed 1152K, reserved 1048576K
}
Event: 20.884 GC heap before
{Heap before GC invocations=5 (full 0):
 PSYoungGen      total 9728K, used 9728K [0x00000000f5580000, 0x00000000f6000000, 0x0000000100000000)
  eden space 8704K, 100% used [0x00000000f5580000,0x00000000f5e00000,0x00000000f5e00000)
  from space 1024K, 100% used [0x00000000f5f00000,0x00000000f6000000,0x00000000f6000000)
  to   space 1024K, 0% used [0x00000000f5e00000,0x00000000f5e00000,0x00000000f5f00000)
 ParOldGen       total 22016K, used 6790K [0x00000000e0000000, 0x00000000e1580000, 0x00000000f5580000)
  object space 22016K, 30% used [0x00000000e0000000,0x00000000e06a1bf0,0x00000000e1580000)
 Metaspace       used 10600K, capacity 11252K, committed 11520K, reserved 1058816K
  class space    used 1145K, capacity 1200K, committed 1280K, reserved 1048576K
Event: 20.898 GC heap after
Heap after GC invocations=5 (full 0):
 PSYoungGen      total 9728K, used 1024K [0x00000000f5580000, 0x00000000f6000000, 0x0000000100000000)
  eden space 8704K, 0% used [0x00000000f5580000,0x00000000f5580000,0x00000000f5e00000)
  from space 1024K, 100% used [0x00000000f5e00000,0x00000000f5f00000,0x00000000f5f00000)
  to   space 1024K, 0% used [0x00000000f5f00000,0x00000000f5f00000,0x00000000f6000000)
 ParOldGen       total 22016K, used 8996K [0x00000000e0000000, 0x00000000e1580000, 0x00000000f5580000)
  object space 22016K, 40% used [0x00000000e0000000,0x00000000e08c9130,0x00000000e1580000)
 Metaspace       used 10600K, capacity 11252K, committed 11520K, reserved 1058816K
  class space    used 1145K, capacity 1200K, committed 1280K, reserved 1048576K
}
Event: 23.487 GC heap before
{Heap before GC invocations=6 (full 0):
 PSYoungGen      total 9728K, used 9728K [0x00000000f5580000, 0x00000000f6000000, 0x0000000100000000)
  eden space 8704K, 100% used [0x00000000f5580000,0x00000000f5e00000,0x00000000f5e00000)
  from space 1024K, 100% used [0x00000000f5e00000,0x00000000f5f00000,0x00000000f5f00000)
  to   space 1024K, 0% used [0x00000000f5f00000,0x00000000f5f00000,0x00000000f6000000)
 ParOldGen       total 22016K, used 8996K [0x00000000e0000000, 0x00000000e1580000, 0x00000000f5580000)
  object space 22016K, 40% used [0x00000000e0000000,0x00000000e08c9130,0x00000000e1580000)
 Metaspace       used 12323K, capacity 12540K, committed 12800K, reserved 1060864K
  class space    used 1340K, capacity 1418K, committed 1536K, reserved 1048576K
Event: 23.508 GC heap after
Heap after GC invocations=6 (full 0):
 PSYoungGen      total 9728K, used 1024K [0x00000000f5580000, 0x00000000f6000000, 0x0000000100000000)
  eden space 8704K, 0% used [0x00000000f5580000,0x00000000f5580000,0x00000000f5e00000)
  from space 1024K, 100% used [0x00000000f5f00000,0x00000000f6000000,0x00000000f6000000)
  to   space 1024K, 0% used [0x00000000f5e00000,0x00000000f5e00000,0x00000000f5f00000)
 ParOldGen       total 22016K, used 10611K [0x00000000e0000000, 0x00000000e1580000, 0x00000000f5580000)
  object space 22016K, 48% used [0x00000000e0000000,0x00000000e0a5cd18,0x00000000e1580000)
 Metaspace       used 12323K, capacity 12540K, committed 12800K, reserved 1060864K
  class space    used 1340K, capacity 1418K, committed 1536K, reserved 1048576K
}
Event: 23.567 GC heap before
{Heap before GC invocations=7 (full 0):
 PSYoungGen      total 9728K, used 9728K [0x00000000f5580000, 0x00000000f6000000, 0x0000000100000000)
  eden space 8704K, 100% used [0x00000000f5580000,0x00000000f5e00000,0x00000000f5e00000)
  from space 1024K, 100% used [0x00000000f5f00000,0x00000000f6000000,0x00000000f6000000)
  to   space 1024K, 0% used [0x00000000f5e00000,0x00000000f5e00000,0x00000000f5f00000)
 ParOldGen       total 22016K, used 10611K [0x00000000e0000000, 0x00000000e1580000, 0x00000000f5580000)
  object space 22016K, 48% used [0x00000000e0000000,0x00000000e0a5cd18,0x00000000e1580000)
 Metaspace       used 12323K, capacity 12540K, committed 12800K, reserved 1060864K
  class space    used 1340K, capacity 1418K, committed 1536K, reserved 1048576K
Event: 23.584 GC heap after
Heap after GC invocations=7 (full 0):
 PSYoungGen      total 9728K, used 768K [0x00000000f5580000, 0x00000000f6000000, 0x0000000100000000)
  eden space 8704K, 0% used [0x00000000f5580000,0x00000000f5580000,0x00000000f5e00000)
  from space 1024K, 75% used [0x00000000f5e00000,0x00000000f5ec0000,0x00000000f5f00000)
  to   space 1024K, 0% used [0x00000000f5f00000,0x00000000f5f00000,0x00000000f6000000)
 ParOldGen       total 22016K, used 10907K [0x00000000e0000000, 0x00000000e1580000, 0x00000000f5580000)
  object space 22016K, 49% used [0x00000000e0000000,0x00000000e0aa6d58,0x00000000e1580000)
 Metaspace       used 12323K, capacity 12540K, committed 12800K, reserved 1060864K
  class space    used 1340K, capacity 1418K, committed 1536K, reserved 1048576K
}

Deoptimization events (10 events):
Event: 15.318 Thread 0x000002551ade7800 Uncommon trap: reason=unstable_if action=reinterpret pc=0x000002551ca210bc method=java.lang.String.indexOf([CII[CIII)I @ 123
Event: 15.401 Thread 0x000002551ade7800 Uncommon trap: reason=unstable_if action=reinterpret pc=0x000002551ca489cc method=sun.misc.MetaIndex.mayContain(Ljava/lang/String;)Z @ 13
Event: 19.000 Thread 0x000002551ade7800 Uncommon trap: reason=unstable_if action=reinterpret pc=0x000002551caccef8 method=kotlin.reflect.jvm.internal.impl.protobuf.CodedInputStream.readRawVarint32()I @ 10
Event: 22.790 Thread 0x000002551ade7800 Uncommon trap: reason=class_check action=maybe_recompile pc=0x000002551cbdd000 method=java.util.Collections$UnmodifiableCollection.size()I @ 4
Event: 23.205 Thread 0x000002551ade7800 Uncommon trap: reason=class_check action=maybe_recompile pc=0x000002551cbdd000 method=java.util.Collections$UnmodifiableCollection.size()I @ 4
Event: 23.205 Thread 0x000002551ade7800 Uncommon trap: reason=class_check action=maybe_recompile pc=0x000002551cbe2f2c method=java.util.Collections$UnmodifiableList.get(I)Ljava/lang/Object; @ 5
Event: 23.208 Thread 0x000002551ade7800 Uncommon trap: reason=class_check action=maybe_recompile pc=0x000002551cbdd000 method=java.util.Collections$UnmodifiableCollection.size()I @ 4
Event: 23.208 Thread 0x000002551ade7800 Uncommon trap: reason=class_check action=maybe_recompile pc=0x000002551cbe2f2c method=java.util.Collections$UnmodifiableList.get(I)Ljava/lang/Object; @ 5
Event: 23.211 Thread 0x000002551ade7800 Uncommon trap: reason=class_check action=maybe_recompile pc=0x000002551cbdd000 method=java.util.Collections$UnmodifiableCollection.size()I @ 4
Event: 23.211 Thread 0x000002551ade7800 Uncommon trap: reason=class_check action=maybe_recompile pc=0x000002551cbe2f2c method=java.util.Collections$UnmodifiableList.get(I)Ljava/lang/Object; @ 5

Classes redefined (0 events):
No events

Internal exceptions (10 events):
Event: 4.505 Thread 0x000002551ade7800 Exception <a 'java/lang/NoSuchMethodError': Method sun.misc.Unsafe.defineClass(Ljava/lang/String;[BII)Ljava/lang/Class; name or signature does not match> (0x00000000f5587cc0) thrown at [J:\jenkins\tmp\workspace\build\src\hotspot\src\share\vm\prims\jni.cpp
Event: 4.506 Thread 0x000002551ade7800 Exception <a 'java/lang/NoSuchMethodError': Method sun.misc.Unsafe.prefetchRead(Ljava/lang/Object;J)V name or signature does not match> (0x00000000f5587fa8) thrown at [J:\jenkins\tmp\workspace\build\src\hotspot\src\share\vm\prims\jni.cpp, line 4014]
Event: 15.410 Thread 0x000002551ade7800 Exception <a 'java/security/PrivilegedActionException'> (0x00000000f5c06fb8) thrown at [J:\jenkins\tmp\workspace\build\src\hotspot\src\share\vm\prims\jvm.cpp, line 1523]
Event: 15.410 Thread 0x000002551ade7800 Exception <a 'java/security/PrivilegedActionException'> (0x00000000f5c073b0) thrown at [J:\jenkins\tmp\workspace\build\src\hotspot\src\share\vm\prims\jvm.cpp, line 1523]
Event: 15.412 Thread 0x000002551ade7800 Exception <a 'java/security/PrivilegedActionException'> (0x00000000f5c0cad0) thrown at [J:\jenkins\tmp\workspace\build\src\hotspot\src\share\vm\prims\jvm.cpp, line 1523]
Event: 15.412 Thread 0x000002551ade7800 Exception <a 'java/security/PrivilegedActionException'> (0x00000000f5c0cec8) thrown at [J:\jenkins\tmp\workspace\build\src\hotspot\src\share\vm\prims\jvm.cpp, line 1523]
Event: 18.808 Thread 0x000002551ade7800 Exception <a 'java/lang/ArrayIndexOutOfBoundsException'> (0x00000000f5939fa8) thrown at [J:\jenkins\tmp\workspace\build\src\hotspot\src\share\vm\runtime\sharedRuntime.cpp, line 609]
Event: 20.462 Thread 0x000002551ade7800 Exception <a 'java/lang/ArrayIndexOutOfBoundsException'> (0x00000000f5b9ac00) thrown at [J:\jenkins\tmp\workspace\build\src\hotspot\src\share\vm\runtime\sharedRuntime.cpp, line 609]
Event: 22.778 Thread 0x000002551ade7800 Exception <a 'java/lang/NoSuchFieldError': method resolution failed> (0x00000000f5bcde68) thrown at [J:\jenkins\tmp\workspace\build\src\hotspot\src\share\vm\prims\methodHandles.cpp, line 1176]
Event: 22.787 Thread 0x000002551ade7800 Exception <a 'java/lang/NoSuchFieldError': method resolution failed> (0x00000000f5bdb228) thrown at [J:\jenkins\tmp\workspace\build\src\hotspot\src\share\vm\prims\methodHandles.cpp, line 1176]

Events (10 events):
Event: 23.443 loading class java/lang/invoke/TypeConvertingMethodAdapter
Event: 23.465 loading class java/lang/invoke/TypeConvertingMethodAdapter done
Event: 23.465 loading class java/lang/invoke/InnerClassLambdaMetafactory$ForwardingMethodGenerator done
Event: 23.487 Executing VM operation: ParallelGCFailedAllocation
Event: 23.508 Executing VM operation: ParallelGCFailedAllocation done
Event: 23.567 Executing VM operation: ParallelGCFailedAllocation
Event: 23.584 Executing VM operation: ParallelGCFailedAllocation done
Event: 23.637 loading class org/jetbrains/kotlin/cli/common/messages/PrintingMessageCollector
Event: 23.637 loading class org/jetbrains/kotlin/cli/common/messages/PrintingMessageCollector done
Event: 23.639 loading class org/jetbrains/kotlin/cli/common/CLITool$disableURLConnectionCaches$1


Dynamic libraries:
0x00007ff7be720000 - 0x00007ff7be75a000 	C:\Program Files\Eclipse Foundation\jdk-8.0.302.8-hotspot\jre\bin\java.exe
0x00007ffd4dbb0000 - 0x00007ffd4dda5000 	C:\WINDOWS\SYSTEM32\ntdll.dll
0x00007ffd4c680000 - 0x00007ffd4c73e000 	C:\WINDOWS\System32\KERNEL32.DLL
0x00007ffd4b860000 - 0x00007ffd4bb29000 	C:\WINDOWS\System32\KERNELBASE.dll
0x00007ffd4c5d0000 - 0x00007ffd4c67c000 	C:\WINDOWS\System32\ADVAPI32.dll
0x00007ffd4d890000 - 0x00007ffd4d92e000 	C:\WINDOWS\System32\msvcrt.dll
0x00007ffd4bfc0000 - 0x00007ffd4c05b000 	C:\WINDOWS\System32\sechost.dll
0x00007ffd4ce80000 - 0x00007ffd4cfaa000 	C:\WINDOWS\System32\RPCRT4.dll
0x00007ffd4d9c0000 - 0x00007ffd4db61000 	C:\WINDOWS\System32\USER32.dll
0x00007ffd4b380000 - 0x00007ffd4b3a2000 	C:\WINDOWS\System32\win32u.dll
0x00007ffd4c060000 - 0x00007ffd4c08b000 	C:\WINDOWS\System32\GDI32.dll
0x00007ffd4b6f0000 - 0x00007ffd4b7fb000 	C:\WINDOWS\System32\gdi32full.dll
0x00007ffd4bb60000 - 0x00007ffd4bbfd000 	C:\WINDOWS\System32\msvcp_win.dll
0x00007ffd4b5a0000 - 0x00007ffd4b6a0000 	C:\WINDOWS\System32\ucrtbase.dll
0x00007ffd3ec40000 - 0x00007ffd3eeda000 	C:\WINDOWS\WinSxS\amd64_microsoft.windows.common-controls_6595b64144ccf1df_6.0.19041.1110_none_60b5254171f9507e\COMCTL32.dll
0x00007ffd4bc10000 - 0x00007ffd4bc40000 	C:\WINDOWS\System32\IMM32.DLL
0x00007ffd25e50000 - 0x00007ffd25f3f000 	C:\Program Files\Eclipse Foundation\jdk-8.0.302.8-hotspot\jre\bin\msvcr120.dll
0x00007ffd24e50000 - 0x00007ffd24ef6000 	C:\Program Files\Eclipse Foundation\jdk-8.0.302.8-hotspot\jre\bin\msvcp120.dll
0x0000000055040000 - 0x00000000558ab000 	C:\Program Files\Eclipse Foundation\jdk-8.0.302.8-hotspot\jre\bin\server\jvm.dll
0x00007ffd4bc00000 - 0x00007ffd4bc08000 	C:\WINDOWS\System32\PSAPI.DLL
0x00007ffd3ff40000 - 0x00007ffd3ff49000 	C:\WINDOWS\SYSTEM32\WSOCK32.dll
0x00007ffd3eee0000 - 0x00007ffd3ef07000 	C:\WINDOWS\SYSTEM32\WINMM.dll
0x00007ffd41530000 - 0x00007ffd4153a000 	C:\WINDOWS\SYSTEM32\VERSION.dll
0x00007ffd4d030000 - 0x00007ffd4d09b000 	C:\WINDOWS\System32\WS2_32.dll
0x00007ffd3a410000 - 0x00007ffd3a41f000 	C:\Program Files\Eclipse Foundation\jdk-8.0.302.8-hotspot\jre\bin\verify.dll
0x00007ffd2fae0000 - 0x00007ffd2fb09000 	C:\Program Files\Eclipse Foundation\jdk-8.0.302.8-hotspot\jre\bin\java.dll
0x00007ffd395a0000 - 0x00007ffd395b6000 	C:\Program Files\Eclipse Foundation\jdk-8.0.302.8-hotspot\jre\bin\zip.dll
0x00007ffd4c740000 - 0x00007ffd4ce7f000 	C:\WINDOWS\System32\SHELL32.dll
0x00007ffd493d0000 - 0x00007ffd49b60000 	C:\WINDOWS\SYSTEM32\windows.storage.dll
0x00007ffd4d3b0000 - 0x00007ffd4d705000 	C:\WINDOWS\System32\combase.dll
0x00007ffd4acb0000 - 0x00007ffd4acdc000 	C:\WINDOWS\SYSTEM32\Wldp.dll
0x00007ffd4d7e0000 - 0x00007ffd4d88d000 	C:\WINDOWS\System32\SHCORE.dll
0x00007ffd4d930000 - 0x00007ffd4d985000 	C:\WINDOWS\System32\shlwapi.dll
0x00007ffd4b210000 - 0x00007ffd4b22f000 	C:\WINDOWS\SYSTEM32\profapi.dll

VM Arguments:
java_command: org.jetbrains.kotlin.cli.jvm.K2JVMCompiler @C:\Users\IceCream\source\repos\PunjabiLauncher\buildSrc\build\20211010_6645144627129616054.compiler.options
java_class_path (initial): C:\Users\IceCream\.gradle\caches\modules-2\files-2.1\org.jetbrains.kotlin\kotlin-compiler-embeddable\1.5.21\40ddbcae9ff100473f95370c2d589ba3fc48eed5\kotlin-compiler-embeddable-1.5.21.jar;C:\Users\IceCream\.gradle\caches\modules-2\files-2.1\org.jetbrains.kotlin\kotlin-reflect\1.5.21\802f1f39735ae1eb2b75714a40fa19bb2e687e96\kotlin-reflect-1.5.21.jar;C:\Users\IceCream\.gradle\caches\modules-2\files-2.1\org.jetbrains.kotlin\kotlin-stdlib\1.5.21\2f537cad7e9eeb9da73738c8812e1e4cf9b62e4e\kotlin-stdlib-1.5.21.jar;C:\Users\IceCream\.gradle\caches\modules-2\files-2.1\org.jetbrains.kotlin\kotlin-script-runtime\1.5.21\96d49e89873fde985750af354b6eabb60cfa999b\kotlin-script-runtime-1.5.21.jar;C:\Users\IceCream\.gradle\caches\modules-2\files-2.1\org.jetbrains.kotlin\kotlin-daemon-embeddable\1.5.21\17255809e66a940dfdf6289bccbdfb5a09f3145\kotlin-daemon-embeddable-1.5.21.jar;C:\Users\IceCream\.gradle\caches\modules-2\files-2.1\org.jetbrains.intellij.deps\trove4j\1.0.20181211\216c2e14b070f334479d800987affe4054cd563f\trove4j-1.0.20181211.jar;C:\Users\IceCream\.gradle\caches\modules-2\files-2.1\org.jetbrains\annotations\13.0\919f0dfe192fb4e063e7dacadee7f8bb9a2672a9\annotations-13.0.jar;C:\Users\IceCream\.gradle\caches\modules-2\files-2.1\org.jetbrains.kotlin\kotlin-stdlib-common\1.5.21\cc8bf3586fd2ebcf234058b9440bb406e62dfacb\kotlin-stdlib-common-1.5.21.jar;C:\Program Files\Eclipse Foundation\jdk-8.0.302.8-hotspot\lib\tools.jar
Launcher Type: SUN_STANDARD

Environment Variables:
JAVA_HOME=C:\Program Files\Eclipse Foundation\jdk-8.0.302.8-hotspot\
CLASSPATH=C:\gradle-7.2\lib\gradle-launcher-7.2.jar
PATH=C:\Program Files\Eclipse Foundation\jdk-16.0.2.7-hotspot\bin;C:\Program Files\Eclipse Foundation\jdk-8.0.302.8-hotspot\bin;C:\WINDOWS\system32;C:\WINDOWS;C:\WINDOWS\System32\Wbem;C:\WINDOWS\System32\WindowsPowerShell\v1.0\;C:\WINDOWS\System32\OpenSSH\;C:\Program Files\Git\cmd;C:\Program Files (x86)\Gpg4win\..\GnuPG\bin;C:\Program Files\nodejs\;C:\Users\IceCream\AppData\Local\Programs\Python\Python39\Scripts\;C:\Users\IceCream\AppData\Local\Programs\Python\Python39\;C:\Users\IceCream\scoop\shims;C:\Users\IceCream\AppData\Local\Microsoft\WindowsApps;C:\Program Files\ffmpeg-2021-09-16-git-8f92a1862a-full_build\bin;C:\Users\IceCream\AppData\Local\Programs\Microsoft VS Code\bin;C:\Users\IceCream\.dotnet\tools;C:\gradle-7.2\bin;C:\Users\IceCream\AppData\Roaming\npm;C:\Program Files\MongoDB\Server\5.0\bin;C:\Users\IceCream\AppData\Local\Programs\mongosh\;C:\Program Files\heroku\bin
USERNAME=IceCream
OS=Windows_NT
PROCESSOR_IDENTIFIER=Intel64 Family 6 Model 15 Stepping 11, GenuineIntel



---------------  S Y S T E M  ---------------

OS: Windows 10.0 , 64 bit Build 19041 (10.0.19041.1202)

CPU:total 2 (initial active 2) (2 cores per cpu, 1 threads per core) family 6 model 15 stepping 11, cmov, cx8, fxsr, mmx, sse, sse2, sse3, ssse3, tsc

Memory: 4k page, physical 2095068k(241708k free), swap 4192220k(6528k free)

vm_info: OpenJDK 64-Bit Server VM (25.302-b08) for windows-amd64 JRE (1.8.0_302-b08), built on Jul 20 2021 21:31:03 by "jenkins" with MS VC++ 12.0 (VS2013)

time: Sun Oct 10 08:20:37 2021
timezone: SE Asia Standard Time
elapsed time: 23.938286 seconds (0d 0h 0m 23s)

