#
# There is insufficient memory for the Java Runtime Environment to continue.
# Native memory allocation (malloc) failed to allocate 272736 bytes for Chunk::new
# Possible reasons:
#   The system is out of physical RAM or swap space
#   The process is running with CompressedOops enabled, and the Java Heap may be blocking the growth of the native heap
# Possible solutions:
#   Reduce memory load on the system
#   Increase physical memory or swap space
#   Check if swap backing store is full
#   Decrease Java heap size (-Xmx/-Xms)
#   Decrease number of Java threads
#   Decrease Java thread stack sizes (-Xss)
#   Set larger code cache with -XX:ReservedCodeCacheSize=
#   JVM is running with Unscaled Compressed Oops mode in which the Java heap is
#     placed in the first 4GB address space. The Java Heap base address is the
#     maximum limit for the native heap growth. Please use -XX:HeapBaseMinAddress
#     to set the Java Heap base and to place the Java Heap above 4GB virtual address.
# This output file may be truncated or incomplete.
#
#  Out of Memory Error (allocation.cpp:389), pid=2988, tid=0x0000000000000e68
#
# JRE version: OpenJDK Runtime Environment (8.0_302-b08) (build 1.8.0_302-b08)
# Java VM: OpenJDK 64-Bit Server VM (25.302-b08 mixed mode windows-amd64 compressed oops)
# Failed to write core dump. Minidumps are not enabled by default on client versions of Windows
#

---------------  T H R E A D  ---------------

Current thread (0x00000176bb2a3800):  JavaThread "C2 CompilerThread0" daemon [_thread_in_native, id=3688, stack(0x0000003bb5b00000,0x0000003bb5c00000)]

Stack: [0x0000003bb5b00000,0x0000003bb5c00000]
[error occurred during error reporting (printing stack bounds), id 0xc0000005]

Native frames: (J=compiled Java code, j=interpreted, Vv=VM code, C=native code)


Current CompileTask:
C2:  22774 1483       4       org.jetbrains.kotlin.cli.common.arguments.ParseCommandLineArgumentsKt::parsePreprocessedCommandLineArguments$matches (320 bytes)


---------------  P R O C E S S  ---------------

Java Threads: ( => current thread )
  0x00000176bb2a1000 JavaThread "Service Thread" daemon [_thread_blocked, id=5640, stack(0x0000003bb5d00000,0x0000003bb5e00000)]
  0x00000176bb29d800 JavaThread "C1 CompilerThread1" daemon [_thread_blocked, id=7764, stack(0x0000003bb5c00000,0x0000003bb5d00000)]
=>0x00000176bb2a3800 JavaThread "C2 CompilerThread0" daemon [_thread_in_native, id=3688, stack(0x0000003bb5b00000,0x0000003bb5c00000)]
  0x00000176bb29b000 JavaThread "Attach Listener" daemon [_thread_blocked, id=7172, stack(0x0000003bb5a00000,0x0000003bb5b00000)]
  0x00000176bb29a800 JavaThread "Signal Dispatcher" daemon [_thread_blocked, id=1980, stack(0x0000003bb5900000,0x0000003bb5a00000)]
  0x00000176bad93800 JavaThread "Finalizer" daemon [_thread_blocked, id=6424, stack(0x0000003bb5800000,0x0000003bb5900000)]
  0x00000176bb274000 JavaThread "Reference Handler" daemon [_thread_blocked, id=6504, stack(0x0000003bb5700000,0x0000003bb5800000)]
  0x00000176a8468800 JavaThread "main" [_thread_in_Java, id=2020, stack(0x0000003bb5300000,0x0000003bb5400000)]

Other Threads:
  0x00000176bb252000 VMThread [stack: 0x0000003bb5600000,0x0000003bb5700000] [id=3436]
  0x00000176bb2a7800 WatcherThread [stack: 0x0000003bb5e00000,0x0000003bb5f00000] [id=4024]

VM state:not at safepoint (normal execution)

VM Mutex/Monitor currently owned by a thread: None

heap address: 0x00000000e0000000, size: 512 MB, Compressed Oops mode: 32-bit
Narrow klass base: 0x0000000000000000, Narrow klass shift: 3
Compressed class space size: 1073741824 Address: 0x0000000100000000

Heap:
 PSYoungGen      total 18432K, used 5873K [0x00000000f5580000, 0x00000000f6880000, 0x0000000100000000)
  eden space 17408K, 27% used [0x00000000f5580000,0x00000000f5a3c460,0x00000000f6680000)
  from space 1024K, 100% used [0x00000000f6680000,0x00000000f6780000,0x00000000f6780000)
  to   space 1024K, 0% used [0x00000000f6780000,0x00000000f6780000,0x00000000f6880000)
 ParOldGen       total 22016K, used 10638K [0x00000000e0000000, 0x00000000e1580000, 0x00000000f5580000)
  object space 22016K, 48% used [0x00000000e0000000,0x00000000e0a638b0,0x00000000e1580000)
 Metaspace       used 12385K, capacity 12612K, committed 12800K, reserved 1060864K
  class space    used 1340K, capacity 1418K, committed 1536K, reserved 1048576K

Card table byte_map: [0x00000176b91e0000,0x00000176b92f0000] byte_map_base: 0x00000176b8ae0000

Marking Bits: (ParMarkBitMap*) 0x000000005582c820
 Begin Bits: [0x00000176b93a0000, 0x00000176b9ba0000)
 End Bits:   [0x00000176b9ba0000, 0x00000176ba3a0000)

Polling page: 0x00000176a85a0000

CodeCache: size=245760Kb used=5485Kb max_used=5497Kb free=240274Kb
 bounds [0x00000176a9e20000, 0x00000176aa390000, 0x00000176b8e20000]
 total_blobs=1841 nmethods=1481 adapters=273
 compilation: enabled

Compilation events (10 events):
Event: 22.206 Thread 0x00000176bb29d800 nmethod 1477 0x00000176aa379550 code [0x00000176aa3796c0, 0x00000176aa379918]
Event: 22.320 Thread 0x00000176bb2a3800 1479       4       kotlin.jvm.internal.Intrinsics::areEqual (22 bytes)
Event: 22.323 Thread 0x00000176bb2a3800 nmethod 1479 0x00000176aa37c8d0 code [0x00000176aa37ca00, 0x00000176aa37ca78]
Event: 22.324 Thread 0x00000176bb2a3800 1480       4       sun.reflect.annotation.AnnotationInvocationHandler::invoke (277 bytes)
Event: 22.449 Thread 0x00000176bb2a3800 nmethod 1480 0x00000176aa379f10 code [0x00000176aa37a0e0, 0x00000176aa37abd0]
Event: 22.449 Thread 0x00000176bb2a3800 1481       4       kotlin.text.StringsKt__StringsJVMKt::startsWith (37 bytes)
Event: 22.472 Thread 0x00000176bb2a3800 nmethod 1481 0x00000176aa37cf90 code [0x00000176aa37d0e0, 0x00000176aa37d298]
Event: 22.490 Thread 0x00000176bb2a3800 1482       4       org.jetbrains.kotlin.cli.common.arguments.ParseCommandLineArgumentsKt::isAdvanced (46 bytes)
Event: 22.631 Thread 0x00000176bb2a3800 nmethod 1482 0x00000176aa37e490 code [0x00000176aa37e620, 0x00000176aa37e8d8]
Event: 22.631 Thread 0x00000176bb2a3800 1483       4       org.jetbrains.kotlin.cli.common.arguments.ParseCommandLineArgumentsKt::parsePreprocessedCommandLineArguments$matches (320 bytes)

GC Heap History (10 events):
Event: 6.047 GC heap before
{Heap before GC invocations=1 (full 0):
 PSYoungGen      total 9728K, used 8650K [0x00000000f5580000, 0x00000000f6000000, 0x0000000100000000)
  eden space 8704K, 99% used [0x00000000f5580000,0x00000000f5df2bc0,0x00000000f5e00000)
  from space 1024K, 0% used [0x00000000f5f00000,0x00000000f5f00000,0x00000000f6000000)
  to   space 1024K, 0% used [0x00000000f5e00000,0x00000000f5e00000,0x00000000f5f00000)
 ParOldGen       total 22016K, used 0K [0x00000000e0000000, 0x00000000e1580000, 0x00000000f5580000)
  object space 22016K, 0% used [0x00000000e0000000,0x00000000e0000000,0x00000000e1580000)
 Metaspace       used 5121K, capacity 6476K, committed 6784K, reserved 1056768K
  class space    used 451K, capacity 520K, committed 640K, reserved 1048576K
Event: 6.067 GC heap after
Heap after GC invocations=1 (full 0):
 PSYoungGen      total 9728K, used 1016K [0x00000000f5580000, 0x00000000f6000000, 0x0000000100000000)
  eden space 8704K, 0% used [0x00000000f5580000,0x00000000f5580000,0x00000000f5e00000)
  from space 1024K, 99% used [0x00000000f5e00000,0x00000000f5efe2d0,0x00000000f5f00000)
  to   space 1024K, 0% used [0x00000000f5f00000,0x00000000f5f00000,0x00000000f6000000)
 ParOldGen       total 22016K, used 898K [0x00000000e0000000, 0x00000000e1580000, 0x00000000f5580000)
  object space 22016K, 4% used [0x00000000e0000000,0x00000000e00e0800,0x00000000e1580000)
 Metaspace       used 5121K, capacity 6476K, committed 6784K, reserved 1056768K
  class space    used 451K, capacity 520K, committed 640K, reserved 1048576K
}
Event: 9.759 GC heap before
{Heap before GC invocations=2 (full 0):
 PSYoungGen      total 9728K, used 9720K [0x00000000f5580000, 0x00000000f6000000, 0x0000000100000000)
  eden space 8704K, 100% used [0x00000000f5580000,0x00000000f5e00000,0x00000000f5e00000)
  from space 1024K, 99% used [0x00000000f5e00000,0x00000000f5efe2d0,0x00000000f5f00000)
  to   space 1024K, 0% used [0x00000000f5f00000,0x00000000f5f00000,0x00000000f6000000)
 ParOldGen       total 22016K, used 898K [0x00000000e0000000, 0x00000000e1580000, 0x00000000f5580000)
  object space 22016K, 4% used [0x00000000e0000000,0x00000000e00e0800,0x00000000e1580000)
 Metaspace       used 6607K, capacity 7660K, committed 7936K, reserved 1056768K
  class space    used 640K, capacity 680K, committed 768K, reserved 1048576K
Event: 9.791 GC heap after
Heap after GC invocations=2 (full 0):
 PSYoungGen      total 9728K, used 1008K [0x00000000f5580000, 0x00000000f6000000, 0x0000000100000000)
  eden space 8704K, 0% used [0x00000000f5580000,0x00000000f5580000,0x00000000f5e00000)
  from space 1024K, 98% used [0x00000000f5f00000,0x00000000f5ffc328,0x00000000f6000000)
  to   space 1024K, 0% used [0x00000000f5e00000,0x00000000f5e00000,0x00000000f5f00000)
 ParOldGen       total 22016K, used 2639K [0x00000000e0000000, 0x00000000e1580000, 0x00000000f5580000)
  object space 22016K, 11% used [0x00000000e0000000,0x00000000e0293c30,0x00000000e1580000)
 Metaspace       used 6607K, capacity 7660K, committed 7936K, reserved 1056768K
  class space    used 640K, capacity 680K, committed 768K, reserved 1048576K
}
Event: 12.604 GC heap before
{Heap before GC invocations=3 (full 0):
 PSYoungGen      total 9728K, used 9712K [0x00000000f5580000, 0x00000000f6000000, 0x0000000100000000)
  eden space 8704K, 100% used [0x00000000f5580000,0x00000000f5e00000,0x00000000f5e00000)
  from space 1024K, 98% used [0x00000000f5f00000,0x00000000f5ffc328,0x00000000f6000000)
  to   space 1024K, 0% used [0x00000000f5e00000,0x00000000f5e00000,0x00000000f5f00000)
 ParOldGen       total 22016K, used 2639K [0x00000000e0000000, 0x00000000e1580000, 0x00000000f5580000)
  object space 22016K, 11% used [0x00000000e0000000,0x00000000e0293c30,0x00000000e1580000)
 Metaspace       used 8408K, capacity 9172K, committed 9472K, reserved 1058816K
  class space    used 883K, capacity 912K, committed 1024K, reserved 1048576K
Event: 12.725 GC heap after
Heap after GC invocations=3 (full 0):
 PSYoungGen      total 9728K, used 1024K [0x00000000f5580000, 0x00000000f6880000, 0x0000000100000000)
  eden space 8704K, 0% used [0x00000000f5580000,0x00000000f5580000,0x00000000f5e00000)
  from space 1024K, 100% used [0x00000000f5e00000,0x00000000f5f00000,0x00000000f5f00000)
  to   space 1024K, 0% used [0x00000000f6780000,0x00000000f6780000,0x00000000f6880000)
 ParOldGen       total 22016K, used 4680K [0x00000000e0000000, 0x00000000e1580000, 0x00000000f5580000)
  object space 22016K, 21% used [0x00000000e0000000,0x00000000e0492208,0x00000000e1580000)
 Metaspace       used 8408K, capacity 9172K, committed 9472K, reserved 1058816K
  class space    used 883K, capacity 912K, committed 1024K, reserved 1048576K
}
Event: 15.085 GC heap before
{Heap before GC invocations=4 (full 0):
 PSYoungGen      total 9728K, used 9728K [0x00000000f5580000, 0x00000000f6880000, 0x0000000100000000)
  eden space 8704K, 100% used [0x00000000f5580000,0x00000000f5e00000,0x00000000f5e00000)
  from space 1024K, 100% used [0x00000000f5e00000,0x00000000f5f00000,0x00000000f5f00000)
  to   space 1024K, 0% used [0x00000000f6780000,0x00000000f6780000,0x00000000f6880000)
 ParOldGen       total 22016K, used 4680K [0x00000000e0000000, 0x00000000e1580000, 0x00000000f5580000)
  object space 22016K, 21% used [0x00000000e0000000,0x00000000e0492208,0x00000000e1580000)
 Metaspace       used 9742K, capacity 10420K, committed 10624K, reserved 1058816K
  class space    used 1063K, capacity 1072K, committed 1152K, reserved 1048576K
Event: 15.146 GC heap after
Heap after GC invocations=4 (full 0):
 PSYoungGen      total 18432K, used 1024K [0x00000000f5580000, 0x00000000f6880000, 0x0000000100000000)
  eden space 17408K, 0% used [0x00000000f5580000,0x00000000f5580000,0x00000000f6680000)
  from space 1024K, 100% used [0x00000000f6780000,0x00000000f6880000,0x00000000f6880000)
  to   space 1024K, 0% used [0x00000000f6680000,0x00000000f6680000,0x00000000f6780000)
 ParOldGen       total 22016K, used 6802K [0x00000000e0000000, 0x00000000e1580000, 0x00000000f5580000)
  object space 22016K, 30% used [0x00000000e0000000,0x00000000e06a4be0,0x00000000e1580000)
 Metaspace       used 9742K, capacity 10420K, committed 10624K, reserved 1058816K
  class space    used 1063K, capacity 1072K, committed 1152K, reserved 1048576K
}
Event: 22.498 GC heap before
{Heap before GC invocations=5 (full 0):
 PSYoungGen      total 18432K, used 18432K [0x00000000f5580000, 0x00000000f6880000, 0x0000000100000000)
  eden space 17408K, 100% used [0x00000000f5580000,0x00000000f6680000,0x00000000f6680000)
  from space 1024K, 100% used [0x00000000f6780000,0x00000000f6880000,0x00000000f6880000)
  to   space 1024K, 0% used [0x00000000f6680000,0x00000000f6680000,0x00000000f6780000)
 ParOldGen       total 22016K, used 6802K [0x00000000e0000000, 0x00000000e1580000, 0x00000000f5580000)
  object space 22016K, 30% used [0x00000000e0000000,0x00000000e06a4be0,0x00000000e1580000)
 Metaspace       used 12385K, capacity 12612K, committed 12800K, reserved 1060864K
  class space    used 1340K, capacity 1418K, committed 1536K, reserved 1048576K
Event: 22.608 GC heap after
Heap after GC invocations=5 (full 0):
 PSYoungGen      total 18432K, used 1024K [0x00000000f5580000, 0x00000000f6880000, 0x0000000100000000)
  eden space 17408K, 0% used [0x00000000f5580000,0x00000000f5580000,0x00000000f6680000)
  from space 1024K, 100% used [0x00000000f6680000,0x00000000f6780000,0x00000000f6780000)
  to   space 1024K, 0% used [0x00000000f6780000,0x00000000f6780000,0x00000000f6880000)
 ParOldGen       total 22016K, used 10638K [0x00000000e0000000, 0x00000000e1580000, 0x00000000f5580000)
  object space 22016K, 48% used [0x00000000e0000000,0x00000000e0a638b0,0x00000000e1580000)
 Metaspace       used 12385K, capacity 12612K, committed 12800K, reserved 1060864K
  class space    used 1340K, capacity 1418K, committed 1536K, reserved 1048576K
}

Deoptimization events (10 events):
Event: 9.270 Thread 0x00000176a8468800 Uncommon trap: reason=unstable_if action=reinterpret pc=0x00000176aa02f5d8 method=sun.misc.MetaIndex.mayContain(Ljava/lang/String;)Z @ 13
Event: 12.410 Thread 0x00000176a8468800 Uncommon trap: reason=unstable_if action=reinterpret pc=0x00000176a9ff3ab4 method=java.lang.Integer.valueOf(I)Ljava/lang/Integer; @ 10
Event: 14.392 Thread 0x00000176a8468800 Uncommon trap: reason=unstable_if action=reinterpret pc=0x00000176aa0a25b8 method=kotlin.reflect.jvm.internal.impl.protobuf.CodedInputStream.readRawVarint32()I @ 10
Event: 21.869 Thread 0x00000176a8468800 Uncommon trap: reason=class_check action=maybe_recompile pc=0x00000176aa1f2140 method=java.util.Collections$UnmodifiableCollection.size()I @ 4
Event: 22.170 Thread 0x00000176a8468800 Uncommon trap: reason=class_check action=maybe_recompile pc=0x00000176aa1f2140 method=java.util.Collections$UnmodifiableCollection.size()I @ 4
Event: 22.170 Thread 0x00000176a8468800 Uncommon trap: reason=class_check action=maybe_recompile pc=0x00000176aa20266c method=java.util.Collections$UnmodifiableList.get(I)Ljava/lang/Object; @ 5
Event: 22.182 Thread 0x00000176a8468800 Uncommon trap: reason=class_check action=maybe_recompile pc=0x00000176aa1f2140 method=java.util.Collections$UnmodifiableCollection.size()I @ 4
Event: 22.182 Thread 0x00000176a8468800 Uncommon trap: reason=class_check action=maybe_recompile pc=0x00000176aa20266c method=java.util.Collections$UnmodifiableList.get(I)Ljava/lang/Object; @ 5
Event: 22.196 Thread 0x00000176a8468800 Uncommon trap: reason=class_check action=maybe_recompile pc=0x00000176aa1f2140 method=java.util.Collections$UnmodifiableCollection.size()I @ 4
Event: 22.197 Thread 0x00000176a8468800 Uncommon trap: reason=class_check action=maybe_recompile pc=0x00000176aa20266c method=java.util.Collections$UnmodifiableList.get(I)Ljava/lang/Object; @ 5

Classes redefined (0 events):
No events

Internal exceptions (10 events):
Event: 0.501 Thread 0x00000176a8468800 Exception <a 'java/lang/NoSuchMethodError': Method sun.misc.Unsafe.defineClass(Ljava/lang/String;[BII)Ljava/lang/Class; name or signature does not match> (0x00000000f5587cc0) thrown at [J:\jenkins\tmp\workspace\build\src\hotspot\src\share\vm\prims\jni.cpp
Event: 0.501 Thread 0x00000176a8468800 Exception <a 'java/lang/NoSuchMethodError': Method sun.misc.Unsafe.prefetchRead(Ljava/lang/Object;J)V name or signature does not match> (0x00000000f5587fa8) thrown at [J:\jenkins\tmp\workspace\build\src\hotspot\src\share\vm\prims\jni.cpp, line 4014]
Event: 9.280 Thread 0x00000176a8468800 Exception <a 'java/security/PrivilegedActionException'> (0x00000000f5c073b8) thrown at [J:\jenkins\tmp\workspace\build\src\hotspot\src\share\vm\prims\jvm.cpp, line 1523]
Event: 9.281 Thread 0x00000176a8468800 Exception <a 'java/security/PrivilegedActionException'> (0x00000000f5c077b0) thrown at [J:\jenkins\tmp\workspace\build\src\hotspot\src\share\vm\prims\jvm.cpp, line 1523]
Event: 9.295 Thread 0x00000176a8468800 Exception <a 'java/security/PrivilegedActionException'> (0x00000000f5c0ced0) thrown at [J:\jenkins\tmp\workspace\build\src\hotspot\src\share\vm\prims\jvm.cpp, line 1523]
Event: 9.295 Thread 0x00000176a8468800 Exception <a 'java/security/PrivilegedActionException'> (0x00000000f5c0d2c8) thrown at [J:\jenkins\tmp\workspace\build\src\hotspot\src\share\vm\prims\jvm.cpp, line 1523]
Event: 13.753 Thread 0x00000176a8468800 Exception <a 'java/lang/ArrayIndexOutOfBoundsException'> (0x00000000f5938890) thrown at [J:\jenkins\tmp\workspace\build\src\hotspot\src\share\vm\runtime\sharedRuntime.cpp, line 609]
Event: 18.095 Thread 0x00000176a8468800 Exception <a 'java/lang/ArrayIndexOutOfBoundsException'> (0x00000000f5ba0b60) thrown at [J:\jenkins\tmp\workspace\build\src\hotspot\src\share\vm\runtime\sharedRuntime.cpp, line 609]
Event: 21.822 Thread 0x00000176a8468800 Exception <a 'java/lang/NoSuchFieldError': method resolution failed> (0x00000000f644ef58) thrown at [J:\jenkins\tmp\workspace\build\src\hotspot\src\share\vm\prims\methodHandles.cpp, line 1176]
Event: 21.846 Thread 0x00000176a8468800 Exception <a 'java/lang/NoSuchFieldError': method resolution failed> (0x00000000f645c278) thrown at [J:\jenkins\tmp\workspace\build\src\hotspot\src\share\vm\prims\methodHandles.cpp, line 1176]

Events (10 events):
Event: 22.241 loading class java/lang/invoke/InfoFromMemberName
Event: 22.271 loading class java/lang/invoke/MethodHandleInfo
Event: 22.287 loading class java/lang/invoke/MethodHandleInfo done
Event: 22.287 loading class java/lang/invoke/InfoFromMemberName done
Event: 22.290 loading class java/lang/invoke/InnerClassLambdaMetafactory$ForwardingMethodGenerator
Event: 22.299 loading class java/lang/invoke/TypeConvertingMethodAdapter
Event: 22.308 loading class java/lang/invoke/TypeConvertingMethodAdapter done
Event: 22.308 loading class java/lang/invoke/InnerClassLambdaMetafactory$ForwardingMethodGenerator done
Event: 22.497 Executing VM operation: ParallelGCFailedAllocation
Event: 22.609 Executing VM operation: ParallelGCFailedAllocation done


Dynamic libraries:
0x00007ff63cbe0000 - 0x00007ff63cc1a000 	C:\Program Files\Eclipse Foundation\jdk-8.0.302.8-hotspot\jre\bin\java.exe
0x00007ffd4dbb0000 - 0x00007ffd4dda5000 	C:\WINDOWS\SYSTEM32\ntdll.dll
0x00007ffd4c680000 - 0x00007ffd4c73e000 	C:\WINDOWS\System32\KERNEL32.DLL
0x00007ffd4b860000 - 0x00007ffd4bb29000 	C:\WINDOWS\System32\KERNELBASE.dll
0x00007ffd4c5d0000 - 0x00007ffd4c67c000 	C:\WINDOWS\System32\ADVAPI32.dll
0x00007ffd4d890000 - 0x00007ffd4d92e000 	C:\WINDOWS\System32\msvcrt.dll
0x00007ffd4bfc0000 - 0x00007ffd4c05b000 	C:\WINDOWS\System32\sechost.dll
0x00007ffd4ce80000 - 0x00007ffd4cfaa000 	C:\WINDOWS\System32\RPCRT4.dll
0x00007ffd4d9c0000 - 0x00007ffd4db61000 	C:\WINDOWS\System32\USER32.dll
0x00007ffd4b380000 - 0x00007ffd4b3a2000 	C:\WINDOWS\System32\win32u.dll
0x00007ffd4c060000 - 0x00007ffd4c08b000 	C:\WINDOWS\System32\GDI32.dll
0x00007ffd4b6f0000 - 0x00007ffd4b7fb000 	C:\WINDOWS\System32\gdi32full.dll
0x00007ffd4bb60000 - 0x00007ffd4bbfd000 	C:\WINDOWS\System32\msvcp_win.dll
0x00007ffd4b5a0000 - 0x00007ffd4b6a0000 	C:\WINDOWS\System32\ucrtbase.dll
0x00007ffd3ec40000 - 0x00007ffd3eeda000 	C:\WINDOWS\WinSxS\amd64_microsoft.windows.common-controls_6595b64144ccf1df_6.0.19041.1110_none_60b5254171f9507e\COMCTL32.dll
0x00007ffd4bc10000 - 0x00007ffd4bc40000 	C:\WINDOWS\System32\IMM32.DLL
0x00007ffd25e50000 - 0x00007ffd25f3f000 	C:\Program Files\Eclipse Foundation\jdk-8.0.302.8-hotspot\jre\bin\msvcr120.dll
0x00007ffd24e50000 - 0x00007ffd24ef6000 	C:\Program Files\Eclipse Foundation\jdk-8.0.302.8-hotspot\jre\bin\msvcp120.dll
0x0000000055040000 - 0x00000000558ab000 	C:\Program Files\Eclipse Foundation\jdk-8.0.302.8-hotspot\jre\bin\server\jvm.dll
0x00007ffd4bc00000 - 0x00007ffd4bc08000 	C:\WINDOWS\System32\PSAPI.DLL
0x00007ffd3ff40000 - 0x00007ffd3ff49000 	C:\WINDOWS\SYSTEM32\WSOCK32.dll
0x00007ffd4d030000 - 0x00007ffd4d09b000 	C:\WINDOWS\System32\WS2_32.dll
0x00007ffd3eee0000 - 0x00007ffd3ef07000 	C:\WINDOWS\SYSTEM32\WINMM.dll
0x00007ffd41530000 - 0x00007ffd4153a000 	C:\WINDOWS\SYSTEM32\VERSION.dll
0x00007ffd3a410000 - 0x00007ffd3a41f000 	C:\Program Files\Eclipse Foundation\jdk-8.0.302.8-hotspot\jre\bin\verify.dll
0x00007ffd2fae0000 - 0x00007ffd2fb09000 	C:\Program Files\Eclipse Foundation\jdk-8.0.302.8-hotspot\jre\bin\java.dll
0x00007ffd395a0000 - 0x00007ffd395b6000 	C:\Program Files\Eclipse Foundation\jdk-8.0.302.8-hotspot\jre\bin\zip.dll
0x00007ffd4c740000 - 0x00007ffd4ce7f000 	C:\WINDOWS\System32\SHELL32.dll
0x00007ffd493d0000 - 0x00007ffd49b60000 	C:\WINDOWS\SYSTEM32\windows.storage.dll
0x00007ffd4d3b0000 - 0x00007ffd4d705000 	C:\WINDOWS\System32\combase.dll
0x00007ffd4acb0000 - 0x00007ffd4acdc000 	C:\WINDOWS\SYSTEM32\Wldp.dll
0x00007ffd4d7e0000 - 0x00007ffd4d88d000 	C:\WINDOWS\System32\SHCORE.dll
0x00007ffd4d930000 - 0x00007ffd4d985000 	C:\WINDOWS\System32\shlwapi.dll
0x00007ffd4b210000 - 0x00007ffd4b22f000 	C:\WINDOWS\SYSTEM32\profapi.dll

VM Arguments:
java_command: org.jetbrains.kotlin.cli.jvm.K2JVMCompiler @C:\Users\IceCream\source\repos\PunjabiLauncher\buildSrc\build\20211010_7238181717386325074.compiler.options
java_class_path (initial): C:\Users\IceCream\.gradle\caches\modules-2\files-2.1\org.jetbrains.kotlin\kotlin-compiler-embeddable\1.5.21\40ddbcae9ff100473f95370c2d589ba3fc48eed5\kotlin-compiler-embeddable-1.5.21.jar;C:\Users\IceCream\.gradle\caches\modules-2\files-2.1\org.jetbrains.kotlin\kotlin-reflect\1.5.21\802f1f39735ae1eb2b75714a40fa19bb2e687e96\kotlin-reflect-1.5.21.jar;C:\Users\IceCream\.gradle\caches\modules-2\files-2.1\org.jetbrains.kotlin\kotlin-stdlib\1.5.21\2f537cad7e9eeb9da73738c8812e1e4cf9b62e4e\kotlin-stdlib-1.5.21.jar;C:\Users\IceCream\.gradle\caches\modules-2\files-2.1\org.jetbrains.kotlin\kotlin-script-runtime\1.5.21\96d49e89873fde985750af354b6eabb60cfa999b\kotlin-script-runtime-1.5.21.jar;C:\Users\IceCream\.gradle\caches\modules-2\files-2.1\org.jetbrains.kotlin\kotlin-daemon-embeddable\1.5.21\17255809e66a940dfdf6289bccbdfb5a09f3145\kotlin-daemon-embeddable-1.5.21.jar;C:\Users\IceCream\.gradle\caches\modules-2\files-2.1\org.jetbrains.intellij.deps\trove4j\1.0.20181211\216c2e14b070f334479d800987affe4054cd563f\trove4j-1.0.20181211.jar;C:\Users\IceCream\.gradle\caches\modules-2\files-2.1\org.jetbrains\annotations\13.0\919f0dfe192fb4e063e7dacadee7f8bb9a2672a9\annotations-13.0.jar;C:\Users\IceCream\.gradle\caches\modules-2\files-2.1\org.jetbrains.kotlin\kotlin-stdlib-common\1.5.21\cc8bf3586fd2ebcf234058b9440bb406e62dfacb\kotlin-stdlib-common-1.5.21.jar;C:\Program Files\Eclipse Foundation\jdk-8.0.302.8-hotspot\lib\tools.jar
Launcher Type: SUN_STANDARD

Environment Variables:
JAVA_HOME=C:\Program Files\Eclipse Foundation\jdk-8.0.302.8-hotspot
CLASSPATH=C:\gradle-7.2\lib\gradle-launcher-7.2.jar
PATH=C:\Program Files\Eclipse Foundation\jdk-8.0.302.8-hotspot\bin;C:\Program Files\Eclipse Foundation\jdk-16.0.2.7-hotspot\bin;C:\Program Files\Eclipse Foundation\jdk-8.0.302.8-hotspot\bin;C:\WINDOWS\system32;C:\WINDOWS;C:\WINDOWS\System32\Wbem;C:\WINDOWS\System32\WindowsPowerShell\v1.0\;C:\WINDOWS\System32\OpenSSH\;C:\Program Files\Git\cmd;C:\Program Files (x86)\Gpg4win\..\GnuPG\bin;C:\Program Files\nodejs\;C:\Users\IceCream\AppData\Local\Programs\Python\Python39\Scripts\;C:\Users\IceCream\AppData\Local\Programs\Python\Python39\;C:\Users\IceCream\scoop\shims;C:\Users\IceCream\AppData\Local\Microsoft\WindowsApps;C:\Program Files\ffmpeg-2021-09-16-git-8f92a1862a-full_build\bin;C:\Users\IceCream\AppData\Local\Programs\Microsoft VS Code\bin;C:\Users\IceCream\.dotnet\tools;C:\gradle-7.2\bin;C:\Users\IceCream\AppData\Roaming\npm;C:\Program Files\MongoDB\Server\5.0\bin;C:\Users\IceCream\AppData\Local\Programs\mongosh\;C:\Program Files\heroku\bin
USERNAME=IceCream
OS=Windows_NT
PROCESSOR_IDENTIFIER=Intel64 Family 6 Model 15 Stepping 11, GenuineIntel



---------------  S Y S T E M  ---------------

OS: Windows 10.0 , 64 bit Build 19041 (10.0.19041.1202)

CPU:total 2 (initial active 2) (2 cores per cpu, 1 threads per core) family 6 model 15 stepping 11, cmov, cx8, fxsr, mmx, sse, sse2, sse3, ssse3, tsc

Memory: 4k page, physical 2095068k(224984k free), swap 4192220k(420k free)

vm_info: OpenJDK 64-Bit Server VM (25.302-b08) for windows-amd64 JRE (1.8.0_302-b08), built on Jul 20 2021 21:31:03 by "jenkins" with MS VC++ 12.0 (VS2013)

time: Sun Oct 10 08:23:18 2021
timezone: SE Asia Standard Time
elapsed time: 22.840501 seconds (0d 0h 0m 22s)

